app/proguard-rules.pro
# Add project specific ProGuard rules here.
# By default, the flags in this file are appended to flags specified
# in /Users/zyb/Library/Android/sdk/tools/proguard/proguard-android.txt
# You can edit the include path and order by changing the proguardFiles
# directive in build.gradle.
#
# For more details, see
#   http://developer.android.com/guide/developing/tools/proguard.html

# Add any project specific keep options here:

# If your project uses WebView with JS, uncomment the following
# and specify the fully qualified class name to the JavaScript interface
# class:
#-keepclassmembers class fqcn.of.javascript.interface.for.webview {
#   public *;
#}

# Uncomment this to preserve the line number information for
# debugging stack traces.
#-keepattributes SourceFile,LineNumberTable

# If you keep the line number information, uncomment this to
# hide the original source file name.
#-renamesourcefileattribute SourceFile

-keepattributes *Annotation*
-keep public class com.google.vending.licensing.ILicensingService
-keep public class com.android.vending.licensing.ILicensingService

# For native methods, see http://proguard.sourceforge.net/manual/examples.html#native
-keepclasseswithmembernames class * {
    native <methods>;
}

# keep setters in Views so that animations can still work.
# see http://proguard.sourceforge.net/manual/examples.html#beans
-keepclassmembers public class * extends android.view.View {
   void set*(***);
   *** get*();
}

# We want to keep methods in Activity that could be used in the XML attribute onClick
-keepclassmembers class * extends android.app.Activity {
   public void *(android.view.View);
}

# For enumeration classes, see http://proguard.sourceforge.net/manual/examples.html#enumerations
-keepclassmembers enum * {
    public static **[] values();
    public static ** valueOf(java.lang.String);
}

-keep class * implements android.os.Parcelable {
  public static final android.os.Parcelable$Creator *;
}
-keep public class * implements java.io.Serializable {*;}

-keepclassmembers class **.R$* {
    public static <fields>;
}

# The support library contains references to newer platform versions.
# Don't warn about those in case this app is linking against an older
# platform version.  We know about them, and they are safe.
-dontwarn android.support.**

# Glide
-keep public class * implements com.bumptech.glide.module.GlideModule
-keep public class * extends com.bumptech.glide.module.AppGlideModule
-keep public enum com.bumptech.glide.load.resource.bitmap.ImageHeaderParser$** {
  **[] $VALUES;
  public *;
}

# for DexGuard only
#-keepresourcexmlelements manifest/application/meta-data@value=GlideModule

# EventBus3.0
-keepclassmembers class ** {
    @org.greenrobot.eventbus.Subscribe <methods>;
}
-keep enum org.greenrobot.eventbus.ThreadMode { *; }

# Only required if you use AsyncExecutor
-keepclassmembers class * extends org.greenrobot.eventbus.util.ThrowableFailureEvent {
    <init>(java.lang.Throwable);
}

### greenDAO 3
-keepclassmembers class * extends org.greenrobot.greendao.AbstractDao {
public static java.lang.String TABLENAME;
}
-keep class **$Properties

# If you do not use SQLCipher:
-dontwarn org.greenrobot.greendao.database.**
# If you do not use RxJava:
-dontwarn rx.**

### greenDAO 2
-keepclassmembers class * extends de.greenrobot.dao.AbstractDao {
public static java.lang.String TABLENAME;
}
-keep class **$Properties

-keepclassmembers class * extends org.greenrobot.greendao.AbstractDao {
    public static void dropTable(org.greenrobot.greendao.database.Database, boolean);
    public static void createTable(org.greenrobot.greendao.database.Database, boolean);
}
#-keep class net.sqlcipher.** { *; }

### jpush
-dontoptimize
-dontpreverify

-dontwarn cn.jpush.**
-keep class cn.jpush.** { *; }
-keep class * extends cn.jpush.android.helpers.JPushMessageReceiver { *; }

-dontwarn cn.jiguang.**
-keep class cn.jiguang.** { *; }

#==================gson && protobuf==========================
-dontwarn com.google.**
-keep class com.google.gson.** {*;}
-keep class com.google.protobuf.** {*;}

#Fast Android Networking
-dontwarn okhttp3.**
-dontwarn okio.**
-dontwarn javax.annotation.**
# A resource is loaded with a relative path so the package of this class must be preserved.
-keepnames class okhttp3.internal.publicsuffix.PublicSuffixDatabase

#dagger2
-keep class com.google.dagger.** {*;}

#socket.io
-keep class io.socket.** {*;}

#qrcode
-keep class cn.bingoogolapple.qrcode.** {*;}
-keep class com.google.zxing.** {*;}
-dontwarn android.databinding.**
#butterknife
-keep class butterknife.** {*;}

#tencent x5
-dontwarn com.tencent.smtt.**
-keep public class com.tencent.smtt.**{*;}

-dontwarn com.tencent.bugly.**
-keep public class com.tencent.bugly.**{*;}

#Js
-keepattributes *Annotation*
-keepattributes *JavascriptInterface*
-keep class * extends android.webkit.WebView {*;}
-keepclassmembers class * extends android.webkit.WebViewClient {
     public void *(android.webkit.webView, jav.lang.String);
 }

#entity
-keep class com.bitbill.www.common.base.model.network.api.ApiResponse {*;}
-keep class com.bitbill.www.common.widget.** {*;}
-keep class com.bitbill.www.crypto.entity.** {*;}
-keep class com.bitbill.www.model.** {*;}
-keep class com.bitbill.www.service.** {*;}