app/release/mapping.txt
com.bitbill.www.R -> com.bitbill.www.a:
com.bitbill.www.R$styleable -> com.bitbill.www.a$a:
    int[] ActionBar -> ActionBar
    int ActionBar_background -> ActionBar_background
    int ActionBar_backgroundSplit -> ActionBar_backgroundSplit
    int ActionBar_backgroundStacked -> ActionBar_backgroundStacked
    int ActionBar_contentInsetEnd -> ActionBar_contentInsetEnd
    int ActionBar_contentInsetEndWithActions -> ActionBar_contentInsetEndWithActions
    int ActionBar_contentInsetLeft -> ActionBar_contentInsetLeft
    int ActionBar_contentInsetRight -> ActionBar_contentInsetRight
    int ActionBar_contentInsetStart -> ActionBar_contentInsetStart
    int ActionBar_contentInsetStartWithNavigation -> ActionBar_contentInsetStartWithNavigation
    int ActionBar_customNavigationLayout -> ActionBar_customNavigationLayout
    int ActionBar_displayOptions -> ActionBar_displayOptions
    int ActionBar_divider -> ActionBar_divider
    int ActionBar_elevation -> ActionBar_elevation
    int ActionBar_height -> ActionBar_height
    int ActionBar_hideOnContentScroll -> ActionBar_hideOnContentScroll
    int ActionBar_homeAsUpIndicator -> ActionBar_homeAsUpIndicator
    int ActionBar_homeLayout -> ActionBar_homeLayout
    int ActionBar_icon -> ActionBar_icon
    int ActionBar_indeterminateProgressStyle -> ActionBar_indeterminateProgressStyle
    int ActionBar_itemPadding -> ActionBar_itemPadding
    int ActionBar_logo -> ActionBar_logo
    int ActionBar_navigationMode -> ActionBar_navigationMode
com.bitbill.www.app.BitbillApp -> com.bitbill.www.app.BitbillApp:
    com.bitbill.www.app.BitbillApp sInstance -> e
    okhttp3.OkHttpClient mOkhttpClient -> a
    com.bitbill.www.model.wallet.db.WalletDbHelper mWalletDbHelper -> b
    com.bitbill.www.model.app.AppModel mAppModel -> c
    android.app.Application$ActivityLifecycleCallbacks callbacks -> d
    com.bitbill.www.di.component.ApplicationComponent mApplicationComponent -> f
    java.util.List mWallets -> g
    com.bitbill.www.model.app.prefs.AppPreferences$SelectedCurrency mSelectedCurrency -> h
    long mBlockHeight -> i
    void <init>() -> <init>
    com.bitbill.www.app.BitbillApp get() -> a
    void onCreate() -> onCreate
    void onConfigurationChanged(android.content.res.Configuration) -> onConfigurationChanged
    com.bitbill.www.di.component.ApplicationComponent getComponent() -> b
    java.util.List getWallets() -> c
    void setWallets(java.util.List) -> a
    com.bitbill.www.model.wallet.db.entity.Wallet getDefaultWallet() -> d
    boolean hasBtcRate() -> e
    double getBtcCnyValue() -> f
    void setBtcCnyValue(double) -> a
    double getBtcUsdValue() -> g
    void setBtcUsdValue(double) -> b
    java.lang.String getBtcValue(java.lang.String) -> a
    void setSelectedCurrency(com.bitbill.www.model.app.prefs.AppPreferences$SelectedCurrency) -> a
    long getBlockHeight() -> h
    void setBlockHeight(long) -> a
    com.bitbill.model.db.dao.DaoSession getDaoSession() -> i
com.bitbill.www.app.BitbillApp$1 -> com.bitbill.www.app.BitbillApp$1:
    com.bitbill.www.app.BitbillApp this$0 -> a
    void <init>(com.bitbill.www.app.BitbillApp) -> <init>
    void onActivityCreated(android.app.Activity,android.os.Bundle) -> onActivityCreated
    void onActivityStarted(android.app.Activity) -> onActivityStarted
    void onActivityResumed(android.app.Activity) -> onActivityResumed
    void onActivityPaused(android.app.Activity) -> onActivityPaused
    void onActivityStopped(android.app.Activity) -> onActivityStopped
    void onActivitySaveInstanceState(android.app.Activity,android.os.Bundle) -> onActivitySaveInstanceState
    void onActivityDestroyed(android.app.Activity) -> onActivityDestroyed
com.bitbill.www.app.BitbillApp$2 -> com.bitbill.www.app.BitbillApp$2:
    com.bitbill.www.app.BitbillApp this$0 -> a
    void <init>(com.bitbill.www.app.BitbillApp) -> <init>
    void onViewInitFinished(boolean) -> onViewInitFinished
    void onCoreInitFinished() -> onCoreInitFinished
...
cn.bingoogolapple.qrcode.core.CameraPreview$3 -> cn.bingoogolapple.qrcode.core.CameraPreview$3:
    cn.bingoogolapple.qrcode.core.CameraPreview this$0 -> this$0
    void <init>(cn.bingoogolapple.qrcode.core.CameraPreview) -> <init>
    void onAutoFocus(boolean,android.hardware.Camera) -> onAutoFocus
cn.bingoogolapple.qrcode.core.ProcessDataTask -> cn.bingoogolapple.qrcode.core.ProcessDataTask:
    android.hardware.Camera mCamera -> mCamera
    byte[] mData -> mData
    cn.bingoogolapple.qrcode.core.ProcessDataTask$Delegate mDelegate -> mDelegate
    int orientation -> orientation
    void <init>(android.hardware.Camera,byte[],cn.bingoogolapple.qrcode.core.ProcessDataTask$Delegate,int) -> <init>
    cn.bingoogolapple.qrcode.core.ProcessDataTask perform() -> perform
    void cancelTask() -> cancelTask
    void onCancelled() -> onCancelled
    java.lang.String doInBackground(java.lang.Void[]) -> doInBackground
    java.lang.Object doInBackground(java.lang.Object[]) -> doInBackground
cn.bingoogolapple.qrcode.core.ProcessDataTask$Delegate -> cn.bingoogolapple.qrcode.core.ProcessDataTask$Delegate:
    java.lang.String processData(byte[],int,int,boolean) -> processData
cn.bingoogolapple.qrcode.core.QRCodeView -> cn.bingoogolapple.qrcode.core.QRCodeView:
    android.hardware.Camera mCamera -> mCamera
    cn.bingoogolapple.qrcode.core.CameraPreview mPreview -> mPreview
    cn.bingoogolapple.qrcode.core.ScanBoxView mScanBoxView -> mScanBoxView
    cn.bingoogolapple.qrcode.core.QRCodeView$Delegate mDelegate -> mDelegate
    android.os.Handler mHandler -> mHandler
    boolean mSpotAble -> mSpotAble
    cn.bingoogolapple.qrcode.core.ProcessDataTask mProcessDataTask -> mProcessDataTask
    int mOrientation -> mOrientation
    java.lang.Runnable mOneShotPreviewCallbackTask -> mOneShotPreviewCallbackTask
    void <init>(android.content.Context,android.util.AttributeSet) -> <init>
    void <init>(android.content.Context,android.util.AttributeSet,int) -> <init>
    void initView(android.content.Context,android.util.AttributeSet) -> initView
    void setDelegate(cn.bingoogolapple.qrcode.core.QRCodeView$Delegate) -> setDelegate
    cn.bingoogolapple.qrcode.core.ScanBoxView getScanBoxView() -> getScanBoxView
    void showScanRect() -> showScanRect
    void hiddenScanRect() -> hiddenScanRect
    void startCamera() -> startCamera
    void startCamera(int) -> startCamera
    void startCameraById(int) -> startCameraById
    void stopCamera() -> stopCamera
    void startSpot() -> startSpot
    void startSpotDelay(int) -> startSpotDelay
    void stopSpot() -> stopSpot
    void stopSpotAndHiddenRect() -> stopSpotAndHiddenRect
cn.bingoogolapple.qrcode.core.QRCodeView$1 -> cn.bingoogolapple.qrcode.core.QRCodeView$1:
    android.hardware.Camera val$camera -> val$camera
    cn.bingoogolapple.qrcode.core.QRCodeView this$0 -> this$0
    void <init>(cn.bingoogolapple.qrcode.core.QRCodeView,android.hardware.Camera,byte[],cn.bingoogolapple.qrcode.core.ProcessDataTask$Delegate,int,android.hardware.Camera) -> <init>
    void onPostExecute(java.lang.String) -> onPostExecute
    void onPostExecute(java.lang.Object) -> onPostExecute
cn.bingoogolapple.qrcode.core.QRCodeView$2 -> cn.bingoogolapple.qrcode.core.QRCodeView$2:
    cn.bingoogolapple.qrcode.core.QRCodeView this$0 -> this$0
    void <init>(cn.bingoogolapple.qrcode.core.QRCodeView) -> <init>
    void run() -> run
cn.bingoogolapple.qrcode.core.QRCodeView$Delegate -> cn.bingoogolapple.qrcode.core.QRCodeView$Delegate:
    void onScanQRCodeSuccess(java.lang.String) -> onScanQRCodeSuccess
    void onScanQRCodeOpenCameraError() -> onScanQRCodeOpenCameraError
cn.bingoogolapple.qrcode.core.R -> cn.bingoogolapple.qrcode.core.R:
    void <init>() -> <init>